Export started at 2026-07-12 07:04:41
Output target is (SAPCM-BATCH3 / main) /SAPCM_CONFIGS
--------------------------------------------------
[Configuration/SAPCM-BATCH3_AGGREGATION/Aggregation Profile] - Exporting SAPCM-BATCH3_AGGREGATION.PRF_AGG_1
[Configuration/SAPCM-BATCH3_AGGREGATION/Aggregation Profile] - Exporting SAPCM-BATCH3_AGGREGATION.PRF_AGG_2
[Configuration/SAPCM-BATCH3_AGGREGATION/Aggregation Profile] - Exporting SAPCM-BATCH3_AGGREGATION.PRF_AGG_3
--------------------------------------------------
[Configuration/SAPCM-BATCH3_AGGREGATION/UDR View] - Exporting SAPCM-BATCH3_AGGREGATION.UDR_VIEW_TELCO
--------------------------------------------------
[Configuration/SAPCM-BATCH3_AGGREGATION/Ultra Format] - Exporting SAPCM-BATCH3_AGGREGATION.UFL_TelcoUsg
--------------------------------------------------
[Configuration/SAPCM-BATCH3_AGGREGATION/Workflow] - Exporting SAPCM-BATCH3_AGGREGATION.WFL_AGG_TEST1
[Configuration/SAPCM-BATCH3_AGGREGATION/Workflow] - Exporting SAPCM-BATCH3_AGGREGATION.WFL_AGG_TEST2
[Configuration/SAPCM-BATCH3_AGGREGATION/Workflow] - Exporting SAPCM-BATCH3_AGGREGATION.WFL_AGG_TEST_3
--------------------------------------------------
[Configuration/SAPCM-BATCH3_API/Inter Workflow Profile] - Exporting SAPCM-BATCH3_API.PRF_IWF_ADT
--------------------------------------------------
[Configuration/SAPCM-BATCH3_API/Open API Profile] - Exporting SAPCM-BATCH3_API.PRF_OPENAPI_BP
--------------------------------------------------
[Configuration/SAPCM-BATCH3_API/Ultra Format] - Exporting SAPCM-BATCH3_API.UFL_API
--------------------------------------------------
[Configuration/SAPCM-BATCH3_API/Workflow] - Exporting SAPCM-BATCH3_API.WFL_CustomerOnboard_API
[Configuration/SAPCM-BATCH3_API/Workflow] - Exporting SAPCM-BATCH3_API.WFL_Http2_API
[Configuration/SAPCM-BATCH3_API/Workflow] - Exporting SAPCM-BATCH3_API.WFL_Realtime_Audit
--------------------------------------------------
[Configuration/SAPCM-BATCH3_APL-FUNC-BLOCKS/APL Code] - Exporting SAPCM-BATCH3_APL-FUNC-BLOCKS.APL_FUNC
--------------------------------------------------
[Configuration/SAPCM-BATCH3_APL-FUNC-BLOCKS/Ultra Format] - Exporting SAPCM-BATCH3_APL-FUNC-BLOCKS.UFL_Person
--------------------------------------------------
[Configuration/SAPCM-BATCH3_APL-FUNC-BLOCKS/Workflow] - Exporting SAPCM-BATCH3_APL-FUNC-BLOCKS.WFL_1
[Configuration/SAPCM-BATCH3_APL-FUNC-BLOCKS/Workflow] - Exporting SAPCM-BATCH3_APL-FUNC-BLOCKS.WFL_APL_FUCN_BLOCK_CANCEL_BATCH
[Configuration/SAPCM-BATCH3_APL-FUNC-BLOCKS/Workflow] - Exporting SAPCM-BATCH3_APL-FUNC-BLOCKS.WFL_APL_FUNC_BLOCKS
--------------------------------------------------
[Configuration/SAPCM-BATCH3_APL-FUNCTIONS/Ultra Format] - Exporting SAPCM-BATCH3_APL-FUNCTIONS.UFL_Event
[Configuration/SAPCM-BATCH3_APL-FUNCTIONS/Ultra Format] - Exporting SAPCM-BATCH3_APL-FUNCTIONS.UFL_TollUsg
--------------------------------------------------
[Configuration/SAPCM-BATCH3_APL-FUNCTIONS/Workflow] - Exporting SAPCM-BATCH3_APL-FUNCTIONS.WFL_DateFunc
[Configuration/SAPCM-BATCH3_APL-FUNCTIONS/Workflow] - Exporting SAPCM-BATCH3_APL-FUNCTIONS.WFL_StringFunctions
--------------------------------------------------
[Configuration/SAPCM-BATCH3_APL-FUNDAMENTALS/APL Code] - Exporting SAPCM-BATCH3_APL-FUNDAMENTALS.APL_Functions
--------------------------------------------------
[Configuration/SAPCM-BATCH3_APL-FUNDAMENTALS/UDR View] - Exporting SAPCM-BATCH3_APL-FUNDAMENTALS.UDR_VIEW_USAGE
--------------------------------------------------
[Configuration/SAPCM-BATCH3_APL-FUNDAMENTALS/Ultra Format] - Exporting SAPCM-BATCH3_APL-FUNDAMENTALS.UFL_USAGE
--------------------------------------------------
[Configuration/SAPCM-BATCH3_APL-FUNDAMENTALS/Workflow] - Exporting SAPCM-BATCH3_APL-FUNDAMENTALS.WFL_APL_FUNDAMENTALS
[Configuration/SAPCM-BATCH3_APL-FUNDAMENTALS/Workflow] - Exporting SAPCM-BATCH3_APL-FUNDAMENTALS.WFL_TYPECASTING
--------------------------------------------------
[Configuration/SAPCM-BATCH3_ARCHIVING/Archive Profile] - Exporting SAPCM-BATCH3_ARCHIVING.PRF_ARCH_COLL
[Configuration/SAPCM-BATCH3_ARCHIVING/Archive Profile] - Exporting SAPCM-BATCH3_ARCHIVING.PRF_ARCH_COLL1
--------------------------------------------------
[Configuration/SAPCM-BATCH3_ARCHIVING/Workflow] - Exporting SAPCM-BATCH3_ARCHIVING.WFL_Collection1
[Configuration/SAPCM-BATCH3_ARCHIVING/Workflow] - Exporting SAPCM-BATCH3_ARCHIVING.WFL_Collection2
--------------------------------------------------
[Configuration/SAPCM-BATCH3_COMMON/Azure KeyVault Profile] - Exporting SAPCM-BATCH3_COMMON.PRF_AzureKeyVault
--------------------------------------------------
[Configuration/SAPCM-BATCH3_COMMON/Database Profile] - Exporting SAPCM-BATCH3_COMMON.PRF_DB_POSTGRES
[Configuration/SAPCM-BATCH3_COMMON/Database Profile] - Exporting SAPCM-BATCH3_COMMON.PRF_DB_POSTGRES1
[Configuration/SAPCM-BATCH3_COMMON/Database Profile] - Exporting SAPCM-BATCH3_COMMON.PRF_DB_SAPHANA
--------------------------------------------------
[Configuration/SAPCM-BATCH3_COMMON/External Reference Profile] - Exporting SAPCM-BATCH3_COMMON.PRF_EXT_REF
--------------------------------------------------
[Configuration/SAPCM-BATCH3_COMMON/SAP RFC Profile] - Exporting SAPCM-BATCH3_COMMON.PRF_RFC_CI_1
[Configuration/SAPCM-BATCH3_COMMON/SAP RFC Profile] - Exporting SAPCM-BATCH3_COMMON.PRF_RFC_CI_2
--------------------------------------------------
[Configuration/SAPCM-BATCH3_COMMON/Security Profile] - Exporting SAPCM-BATCH3_COMMON.PRF_SECURITY
--------------------------------------------------
[Configuration/SAPCM-BATCH3_DATA-STRUCTURES/APL Code] - Exporting SAPCM-BATCH3_DATA-STRUCTURES.APL_Functions_Map
--------------------------------------------------
[Configuration/SAPCM-BATCH3_DATA-STRUCTURES/Event Notification] - Exporting SAPCM-BATCH3_DATA-STRUCTURES.EVT_ProcessingSummary
--------------------------------------------------
[Configuration/SAPCM-BATCH3_DATA-STRUCTURES/Ultra Format] - Exporting SAPCM-BATCH3_DATA-STRUCTURES.UFL_IntUsg
[Configuration/SAPCM-BATCH3_DATA-STRUCTURES/Ultra Format] - Exporting SAPCM-BATCH3_DATA-STRUCTURES.UFL_ListUseCase
[Configuration/SAPCM-BATCH3_DATA-STRUCTURES/Ultra Format] - Exporting SAPCM-BATCH3_DATA-STRUCTURES.UFL_UsageMap
--------------------------------------------------
[Configuration/SAPCM-BATCH3_DATA-STRUCTURES/Workflow] - Exporting SAPCM-BATCH3_DATA-STRUCTURES.WFL_ListUseCase1
[Configuration/SAPCM-BATCH3_DATA-STRUCTURES/Workflow] - Exporting SAPCM-BATCH3_DATA-STRUCTURES.WFL_ListUseCase2
[Configuration/SAPCM-BATCH3_DATA-STRUCTURES/Workflow] - Exporting SAPCM-BATCH3_DATA-STRUCTURES.WFL_MapFunctions
[Configuration/SAPCM-BATCH3_DATA-STRUCTURES/Workflow] - Exporting SAPCM-BATCH3_DATA-STRUCTURES.WFL_MapUse
[Configuration/SAPCM-BATCH3_DATA-STRUCTURES/Workflow] - Exporting SAPCM-BATCH3_DATA-STRUCTURES.WFL_MapUseCase1
[Configuration/SAPCM-BATCH3_DATA-STRUCTURES/Workflow] - Exporting SAPCM-BATCH3_DATA-STRUCTURES.WFL_MergeFiles
--------------------------------------------------
[Configuration/SAPCM-BATCH3_DATABASE-OPERATION/APL Code] - Exporting SAPCM-BATCH3_DATABASE-OPERATION.APL_Constants
--------------------------------------------------
[Configuration/SAPCM-BATCH3_DATABASE-OPERATION/Duplicate Batch Profile] - Exporting SAPCM-BATCH3_DATABASE-OPERATION.PR_DUP_BATCH
--------------------------------------------------
[Configuration/SAPCM-BATCH3_DATABASE-OPERATION/Ultra Format] - Exporting SAPCM-BATCH3_DATABASE-OPERATION.UFL_NEX
--------------------------------------------------
[Configuration/SAPCM-BATCH3_DATABASE-OPERATION_AUDIT/Audit Profile] - Exporting SAPCM-BATCH3_DATABASE-OPERATION_AUDIT.PRF_ADT_COLL
[Configuration/SAPCM-BATCH3_DATABASE-OPERATION_AUDIT/Audit Profile] - Exporting SAPCM-BATCH3_DATABASE-OPERATION_AUDIT.PRF_ADT_PROC1
[Configuration/SAPCM-BATCH3_DATABASE-OPERATION_AUDIT/Audit Profile] - Exporting SAPCM-BATCH3_DATABASE-OPERATION_AUDIT.PRF_ADT_PROC2
--------------------------------------------------
[Configuration/SAPCM-BATCH3_DATABASE-OPERATION_DB-AGENT/Workflow] - Exporting SAPCM-BATCH3_DATABASE-OPERATION_DB-AGENT.WFL_DB_COLL_1
[Configuration/SAPCM-BATCH3_DATABASE-OPERATION_DB-AGENT/Workflow] - Exporting SAPCM-BATCH3_DATABASE-OPERATION_DB-AGENT.WFL_DB_FWD
[Configuration/SAPCM-BATCH3_DATABASE-OPERATION_DB-AGENT/Workflow] - Exporting SAPCM-BATCH3_DATABASE-OPERATION_DB-AGENT.WFL_DB_FWD_SP
--------------------------------------------------
[Configuration/SAPCM-BATCH3_DATABASE-OPERATION_SQL-AGEN/APL Code] - Exporting SAPCM-BATCH3_DATABASE-OPERATION_SQL-AGEN.APL_Functions
--------------------------------------------------
[Configuration/SAPCM-BATCH3_DATABASE-OPERATION_SQL-AGEN/Ultra Format] - Exporting SAPCM-BATCH3_DATABASE-OPERATION_SQL-AGEN.UFL_EUC
--------------------------------------------------
[Configuration/SAPCM-BATCH3_DATABASE-OPERATION_SQL-AGEN/Workflow] - Exporting SAPCM-BATCH3_DATABASE-OPERATION_SQL-AGEN.WFL_Collection
[Configuration/SAPCM-BATCH3_DATABASE-OPERATION_SQL-AGEN/Workflow] - Exporting SAPCM-BATCH3_DATABASE-OPERATION_SQL-AGEN.WFL_CollectionRef
[Configuration/SAPCM-BATCH3_DATABASE-OPERATION_SQL-AGEN/Workflow] - Exporting SAPCM-BATCH3_DATABASE-OPERATION_SQL-AGEN.WFL_Forwarding
[Configuration/SAPCM-BATCH3_DATABASE-OPERATION_SQL-AGEN/Workflow] - Exporting SAPCM-BATCH3_DATABASE-OPERATION_SQL-AGEN.WFL_MAIL_NOTIFIER
[Configuration/SAPCM-BATCH3_DATABASE-OPERATION_SQL-AGEN/Workflow] - Exporting SAPCM-BATCH3_DATABASE-OPERATION_SQL-AGEN.WFL_Processing
[Configuration/SAPCM-BATCH3_DATABASE-OPERATION_SQL-AGEN/Workflow] - Exporting SAPCM-BATCH3_DATABASE-OPERATION_SQL-AGEN.WFL_Processing_Cpy
--------------------------------------------------
[Configuration/SAPCM-BATCH3_DATABASE-OPERATION_SQL-AGEN/Workflow Group] - Exporting SAPCM-BATCH3_DATABASE-OPERATION_SQL-AGEN.WFG_EUC_Master
--------------------------------------------------
[Configuration/SAPCM-BATCH3_DECODING/Ultra Format] - Exporting SAPCM-BATCH3_DECODING.UFDL_Person
--------------------------------------------------
[Configuration/SAPCM-BATCH3_DECODING/Workflow] - Exporting SAPCM-BATCH3_DECODING.WFL_CSV_DECODER
[Configuration/SAPCM-BATCH3_DECODING/Workflow] - Exporting SAPCM-BATCH3_DECODING.WFL_DECODE_CSV_FORMAT
--------------------------------------------------
[Configuration/SAPCM-BATCH3_DUP-BATCH/Duplicate Batch Profile] - Exporting SAPCM-BATCH3_DUP-BATCH.PRF_DupBatchCrc
[Configuration/SAPCM-BATCH3_DUP-BATCH/Duplicate Batch Profile] - Exporting SAPCM-BATCH3_DUP-BATCH.PRF_DupBatchMIM
--------------------------------------------------
[Configuration/SAPCM-BATCH3_DUP-BATCH/Workflow] - Exporting SAPCM-BATCH3_DUP-BATCH.WFL_DupBatchCRC
[Configuration/SAPCM-BATCH3_DUP-BATCH/Workflow] - Exporting SAPCM-BATCH3_DUP-BATCH.WFL_DupBatchMIM
--------------------------------------------------
[Configuration/SAPCM-BATCH3_DUP-UDR/Duplicate UDR Profile] - Exporting SAPCM-BATCH3_DUP-UDR.PRF_DUPUDR_NEX_1
[Configuration/SAPCM-BATCH3_DUP-UDR/Duplicate UDR Profile] - Exporting SAPCM-BATCH3_DUP-UDR.PRF_DUPUDR_TXN
--------------------------------------------------
[Configuration/SAPCM-BATCH3_DUP-UDR/Ultra Format] - Exporting SAPCM-BATCH3_DUP-UDR.UFL_NEX
--------------------------------------------------
[Configuration/SAPCM-BATCH3_DUP-UDR/Workflow] - Exporting SAPCM-BATCH3_DUP-UDR.WFL_DataMocker
[Configuration/SAPCM-BATCH3_DUP-UDR/Workflow] - Exporting SAPCM-BATCH3_DUP-UDR.WFL_DupUdr_nex
[Configuration/SAPCM-BATCH3_DUP-UDR/Workflow] - Exporting SAPCM-BATCH3_DUP-UDR.WFL_DupUdr_TXN
--------------------------------------------------
[Configuration/SAPCM-BATCH3_ECS/Ultra Format] - Exporting SAPCM-BATCH3_ECS.UFL_ECS
--------------------------------------------------
[Configuration/SAPCM-BATCH3_ECS_COLLECTION/Workflow] - Exporting SAPCM-BATCH3_ECS_COLLECTION.WFL_ECS_BATCH_COL
[Configuration/SAPCM-BATCH3_ECS_COLLECTION/Workflow] - Exporting SAPCM-BATCH3_ECS_COLLECTION.WFL_ECS_UDR_COLL
--------------------------------------------------
[Configuration/SAPCM-BATCH3_ECS_FORWARD/Aggregation Profile] - Exporting SAPCM-BATCH3_ECS_FORWARD.PRF_AGG__UNMATCHED_UDR
--------------------------------------------------
[Configuration/SAPCM-BATCH3_ECS_FORWARD/Duplicate Batch Profile] - Exporting SAPCM-BATCH3_ECS_FORWARD.PRF-DUP_BATCH_COLL
--------------------------------------------------
[Configuration/SAPCM-BATCH3_ECS_FORWARD/Workflow] - Exporting SAPCM-BATCH3_ECS_FORWARD.WFL_Agg_Proc1
[Configuration/SAPCM-BATCH3_ECS_FORWARD/Workflow] - Exporting SAPCM-BATCH3_ECS_FORWARD.WFL_Collection1
[Configuration/SAPCM-BATCH3_ECS_FORWARD/Workflow] - Exporting SAPCM-BATCH3_ECS_FORWARD.WFL_Processing1
--------------------------------------------------
[Configuration/SAPCM-BATCH3_EXTREF/External Reference Profile] - Exporting SAPCM-BATCH3_EXTREF.PRF_ExtRef
--------------------------------------------------
[Configuration/SAPCM-BATCH3_EXTREF/Workflow] - Exporting SAPCM-BATCH3_EXTREF.WFL_MultipleInst
--------------------------------------------------
[Configuration/SAPCM-BATCH3_GIT/File System Profile] - Exporting SAPCM-BATCH3_GIT.FS_GIT_BATCH3
[Configuration/SAPCM-BATCH3_GIT/File System Profile] - Exporting SAPCM-BATCH3_GIT.FS_GITHUB
--------------------------------------------------
[Configuration/SAPCM-BATCH3_MIM/Workflow] - Exporting SAPCM-BATCH3_MIM.WFL_PredefinedMIM
[Configuration/SAPCM-BATCH3_MIM/Workflow] - Exporting SAPCM-BATCH3_MIM.WFL_PredefinedMIM_1
[Configuration/SAPCM-BATCH3_MIM/Workflow] - Exporting SAPCM-BATCH3_MIM.WFL_UserDefinedMIM
[Configuration/SAPCM-BATCH3_MIM/Workflow] - Exporting SAPCM-BATCH3_MIM.WFL_UserDefinedMIM_2
--------------------------------------------------
[Configuration/SAPCM-BATCH3_SAPCC/Open API Profile] - Exporting SAPCM-BATCH3_SAPCC.PRF_OPENAPI_DEX
--------------------------------------------------
[Configuration/SAPCM-BATCH3_SAPCC/Workflow] - Exporting SAPCM-BATCH3_SAPCC.WFL_CC_WS
[Configuration/SAPCM-BATCH3_SAPCC/Workflow] - Exporting SAPCM-BATCH3_SAPCC.WFL_SAPCC_ONLINE
[Configuration/SAPCM-BATCH3_SAPCC/Workflow] - Exporting SAPCM-BATCH3_SAPCC.WFL_SAPCC_TEST
--------------------------------------------------
[Configuration/SAPCM-BATCH3_SFTP/Ultra Format] - Exporting SAPCM-BATCH3_SFTP.UFL_SFTP
--------------------------------------------------
[Configuration/SAPCM-BATCH3_SFTP/Workflow] - Exporting SAPCM-BATCH3_SFTP.WFL_SFTP_COLL
--------------------------------------------------
[Configuration/SAPCM-BATCH3_TASKWF/Workflow] - Exporting SAPCM-BATCH3_TASKWF.WFL_TSK_Python
[Configuration/SAPCM-BATCH3_TASKWF/Workflow] - Exporting SAPCM-BATCH3_TASKWF.WFL_TSK_Script
[Configuration/SAPCM-BATCH3_TASKWF/Workflow] - Exporting SAPCM-BATCH3_TASKWF.WFL_TSK_Sql
--------------------------------------------------
[Configuration/SAPCM-BATCH3_UFDL/UDR View] - Exporting SAPCM-BATCH3_UFDL.UdrView2
--------------------------------------------------
[Configuration/SAPCM-BATCH3_UFDL/Ultra Format] - Exporting SAPCM-BATCH3_UFDL.UFL_ComplexType
[Configuration/SAPCM-BATCH3_UFDL/Ultra Format] - Exporting SAPCM-BATCH3_UFDL.UFL_ComplexTypeList
[Configuration/SAPCM-BATCH3_UFDL/Ultra Format] - Exporting SAPCM-BATCH3_UFDL.UFL_ConstructedDec
[Configuration/SAPCM-BATCH3_UFDL/Ultra Format] - Exporting SAPCM-BATCH3_UFDL.UFL_ConstructedDecoder
[Configuration/SAPCM-BATCH3_UFDL/Ultra Format] - Exporting SAPCM-BATCH3_UFDL.UFL_SeqDataDecoding
[Configuration/SAPCM-BATCH3_UFDL/Ultra Format] - Exporting SAPCM-BATCH3_UFDL.UFL_SeqRecDecoder
[Configuration/SAPCM-BATCH3_UFDL/Ultra Format] - Exporting SAPCM-BATCH3_UFDL.UFL_TotalDec
[Configuration/SAPCM-BATCH3_UFDL/Ultra Format] - Exporting SAPCM-BATCH3_UFDL.UFL_TotalDecoder
--------------------------------------------------
[Configuration/SAPCM-BATCH3_WB-BRIDGE/Inter Workflow Profile] - Exporting SAPCM-BATCH3_WB-BRIDGE.PRF_ADT_IWF
--------------------------------------------------
[Configuration/SAPCM-BATCH3_WB-BRIDGE/Ultra Format] - Exporting SAPCM-BATCH3_WB-BRIDGE.UFL_ConsumptionData
--------------------------------------------------
[Configuration/SAPCM-BATCH3_WB-BRIDGE/Workflow] - Exporting SAPCM-BATCH3_WB-BRIDGE.WFL_CI_Forwarding
[Configuration/SAPCM-BATCH3_WB-BRIDGE/Workflow] - Exporting SAPCM-BATCH3_WB-BRIDGE.WFL_CI_RT_AUDIT
[Configuration/SAPCM-BATCH3_WB-BRIDGE/Workflow] - Exporting SAPCM-BATCH3_WB-BRIDGE.WFL_Collection
[Configuration/SAPCM-BATCH3_WB-BRIDGE/Workflow] - Exporting SAPCM-BATCH3_WB-BRIDGE.WFL_Processing
--------------------------------------------------
[Configuration/SAPCM-BATCH3_WB-BRIDGE/Workflow Bridge Profile] - Exporting SAPCM-BATCH3_WB-BRIDGE.PRF_WFB
--------------------------------------------------
[Configuration/SAPCM-BATCH3_WEBSERVICE/Workflow] - Exporting SAPCM-BATCH3_WEBSERVICE.WFL_WebServiceProviderBooking
--------------------------------------------------
[Configuration/SAPCM-BATCH3_WEBSERVICE/WS Profile] - Exporting SAPCM-BATCH3_WEBSERVICE.PRF_WS_BOOKING
--------------------------------------------------
[Configuration/SAPCM-BATCH3_WF-TYPES/Workflow] - Exporting SAPCM-BATCH3_WF-TYPES.WFL_BatchTest
[Configuration/SAPCM-BATCH3_WF-TYPES/Workflow] - Exporting SAPCM-BATCH3_WF-TYPES.WFL_RealtimeTest
--------------------------------------------------
[Configuration/SAPCM-BATCH3_WFG/Suspend Execution] - Exporting SAPCM-BATCH3_WFG.SUSPEND_EXEC
--------------------------------------------------
[Configuration/SAPCM-BATCH3_WFG/Workflow Group] - Exporting SAPCM-BATCH3_WFG.WFG_Collection_Master
[Configuration/SAPCM-BATCH3_WFG/Workflow Group] - Exporting SAPCM-BATCH3_WFG.WFG_Processing_Master
[Configuration/SAPCM-BATCH3_WFG/Workflow Group] - Exporting SAPCM-BATCH3_WFG.WFG_CIT_LOAD_BATCH_MASTER
[Configuration/SAPCM-BATCH3_WFG/Workflow Group] - Exporting SAPCM-BATCH3_WFG.WFG_CIT_LOAD_RT_MASTER
--------------------------------------------------
Export finished at 2026-07-12 07:04:47
